<?xml version="1.0" encoding="UTF-8"?>
<testng-results ignored="0" total="6" passed="5" failed="1" skipped="0">
  <reporter-output>
  </reporter-output>
  <suite started-at="2022-04-13T21:08:45 IST" name="Default suite" finished-at="2022-04-13T21:11:06 IST" duration-ms="141154">
    <groups>
    </groups>
    <test started-at="2022-04-13T21:08:45 IST" name="Default test" finished-at="2022-04-13T21:11:06 IST" duration-ms="141154">
      <class name="project.Insurance_MiniProject">
        <test-method is-config="true" signature="beforeTest()[pri:0, instance:project.Insurance_MiniProject@4f2b503c]" started-at="2022-04-13T21:08:45 IST" name="beforeTest" finished-at="2022-04-13T21:09:26 IST" duration-ms="41092" status="PASS">
          <reporter-output>
          </reporter-output>
        </test-method> <!-- beforeTest -->
        <test-method signature="launchBrowser()[pri:1, instance:project.Insurance_MiniProject@4f2b503c]" started-at="2022-04-13T21:09:26 IST" name="launchBrowser" finished-at="2022-04-13T21:09:47 IST" duration-ms="21733" status="PASS">
          <reporter-output>
          </reporter-output>
        </test-method> <!-- launchBrowser -->
        <test-method signature="login()[pri:2, instance:project.Insurance_MiniProject@4f2b503c]" started-at="2022-04-13T21:09:47 IST" name="login" finished-at="2022-04-13T21:10:04 IST" duration-ms="16123" status="PASS">
          <reporter-output>
          </reporter-output>
        </test-method> <!-- login -->
        <test-method signature="smokeTesting()[pri:3, instance:project.Insurance_MiniProject@4f2b503c]" started-at="2022-04-13T21:10:04 IST" name="smokeTesting" finished-at="2022-04-13T21:10:10 IST" duration-ms="6672" status="PASS">
          <reporter-output>
          </reporter-output>
        </test-method> <!-- smokeTesting -->
        <test-method signature="requestQuatation()[pri:4, instance:project.Insurance_MiniProject@4f2b503c]" started-at="2022-04-13T21:10:10 IST" name="requestQuatation" finished-at="2022-04-13T21:10:10 IST" duration-ms="12" status="FAIL">
          <exception class="java.lang.Error">
            <message>
              <![CDATA[Unresolved compilation problems: 
File cannot be resolved to a type
OutputType cannot be resolved to a variable
FileHandler cannot be resolved
File cannot be resolved to a type
]]>
            </message>
            <full-stacktrace>
              <![CDATA[java.lang.Error: Unresolved compilation problems: 
File cannot be resolved to a type
OutputType cannot be resolved to a variable
FileHandler cannot be resolved
File cannot be resolved to a type

at project.Insurance_MiniProject.requestQuatation(Insurance_MiniProject.java:111)
at java.base/jdk.internal.reflect.NativeMethodAccessorImpl.invoke0(Native Method)
at java.base/jdk.internal.reflect.NativeMethodAccessorImpl.invoke(NativeMethodAccessorImpl.java:77)
at java.base/jdk.internal.reflect.DelegatingMethodAccessorImpl.invoke(DelegatingMethodAccessorImpl.java:43)
at java.base/java.lang.reflect.Method.invoke(Method.java:568)
at org.testng.internal.MethodInvocationHelper.invokeMethod(MethodInvocationHelper.java:133)
at org.testng.internal.TestInvoker.invokeMethod(TestInvoker.java:598)
at org.testng.internal.TestInvoker.invokeTestMethod(TestInvoker.java:173)
at org.testng.internal.MethodRunner.runInSequence(MethodRunner.java:46)
at org.testng.internal.TestInvoker$MethodInvocationAgent.invoke(TestInvoker.java:824)
at org.testng.internal.TestInvoker.invokeTestMethods(TestInvoker.java:146)
at org.testng.internal.TestMethodWorker.invokeTestMethods(TestMethodWorker.java:146)
at org.testng.internal.TestMethodWorker.run(TestMethodWorker.java:128)
at java.base/java.util.ArrayList.forEach(ArrayList.java:1511)
at org.testng.TestRunner.privateRun(TestRunner.java:794)
at org.testng.TestRunner.run(TestRunner.java:596)
at org.testng.SuiteRunner.runTest(SuiteRunner.java:377)
at org.testng.SuiteRunner.runSequentially(SuiteRunner.java:371)
at org.testng.SuiteRunner.privateRun(SuiteRunner.java:332)
at org.testng.SuiteRunner.run(SuiteRunner.java:276)
at org.testng.SuiteRunnerWorker.runSuite(SuiteRunnerWorker.java:53)
at org.testng.SuiteRunnerWorker.run(SuiteRunnerWorker.java:96)
at org.testng.TestNG.runSuitesSequentially(TestNG.java:1212)
at org.testng.TestNG.runSuitesLocally(TestNG.java:1134)
at org.testng.TestNG.runSuites(TestNG.java:1063)
at org.testng.TestNG.run(TestNG.java:1031)
at org.testng.remote.AbstractRemoteTestNG.run(AbstractRemoteTestNG.java:115)
at org.testng.remote.RemoteTestNG.initAndRun(RemoteTestNG.java:251)
at org.testng.remote.RemoteTestNG.main(RemoteTestNG.java:77)
]]>
            </full-stacktrace>
          </exception> <!-- java.lang.Error -->
          <reporter-output>
          </reporter-output>
        </test-method> <!-- requestQuatation -->
        <test-method signature="retriveQuatation()[pri:5, instance:project.Insurance_MiniProject@4f2b503c]" started-at="2022-04-13T21:10:10 IST" name="retriveQuatation" finished-at="2022-04-13T21:10:31 IST" duration-ms="21093" status="PASS">
          <reporter-output>
          </reporter-output>
        </test-method> <!-- retriveQuatation -->
        <test-method signature="EditProfile()[pri:6, instance:project.Insurance_MiniProject@4f2b503c]" started-at="2022-04-13T21:10:31 IST" name="EditProfile" finished-at="2022-04-13T21:11:06 IST" duration-ms="34318" status="PASS">
          <reporter-output>
          </reporter-output>
        </test-method> <!-- EditProfile -->
      </class> <!-- project.Insurance_MiniProject -->
    </test> <!-- Default test -->
  </suite> <!-- Default suite -->
</testng-results>
